2010-04-15 20:53:39,929 - Log4JLogChute initialized using file 'velocity.log'
2010-04-15 20:53:39,936 - Starting Apache Velocity v1.6.3 (compiled: 2009-12-07 15:40:14)
2010-04-15 20:53:39,936 - Default Properties File: org\apache\velocity\runtime\defaults\velocity.properties
2010-04-15 20:53:39,936 - Trying to use logger class org.apache.velocity.runtime.log.AvalonLogChute
2010-04-15 20:53:39,937 - Target log system for org.apache.velocity.runtime.log.AvalonLogChute is not available (java.lang.NoClassDefFoundError: org/apache/log/format/Formatter).  Falling back to next log system...
2010-04-15 20:53:39,937 - Trying to use logger class org.apache.velocity.runtime.log.Log4JLogChute
2010-04-15 20:53:39,937 - Using logger class org.apache.velocity.runtime.log.Log4JLogChute
2010-04-15 20:53:39,944 - ResourceLoader instantiated: org.apache.velocity.runtime.resource.loader.FileResourceLoader
2010-04-15 20:53:39,945 - Do unicode file recognition:  false
2010-04-15 20:53:39,945 - FileResourceLoader : adding path '.'
2010-04-15 20:53:39,962 - ResourceCache: initialized (class org.apache.velocity.runtime.resource.ResourceCacheImpl) with class java.util.Collections$SynchronizedMap cache map.
2010-04-15 20:53:39,964 - Loaded System Directive: org.apache.velocity.runtime.directive.Define
2010-04-15 20:53:39,965 - Loaded System Directive: org.apache.velocity.runtime.directive.Break
2010-04-15 20:53:39,966 - Loaded System Directive: org.apache.velocity.runtime.directive.Evaluate
2010-04-15 20:53:39,966 - Loaded System Directive: org.apache.velocity.runtime.directive.Literal
2010-04-15 20:53:39,968 - Loaded System Directive: org.apache.velocity.runtime.directive.Macro
2010-04-15 20:53:39,970 - Loaded System Directive: org.apache.velocity.runtime.directive.Parse
2010-04-15 20:53:39,971 - Loaded System Directive: org.apache.velocity.runtime.directive.Include
2010-04-15 20:53:39,973 - Loaded System Directive: org.apache.velocity.runtime.directive.Foreach
2010-04-15 20:53:40,014 - Created '20' parsers.
2010-04-15 20:53:40,024 - Velocimacro : "velocimacro.library" is not set.  Trying default library: VM_global_library.vm
2010-04-15 20:53:40,025 - Velocimacro : Default library not found.
2010-04-15 20:53:40,025 - Velocimacro : allowInline = true : VMs can be defined inline in templates
2010-04-15 20:53:40,025 - Velocimacro : allowInlineToOverride = false : VMs defined inline may NOT replace previous VM definitions
2010-04-15 20:53:40,025 - Velocimacro : allowInlineLocal = false : VMs defined inline will be global in scope if allowed.
2010-04-15 20:53:40,025 - Velocimacro : autoload off : VM system will not automatically reload global library macros
2010-04-15 20:54:53,917 - Log4JLogChute initialized using file 'velocity.log'
2010-04-15 20:54:53,940 - Starting Apache Velocity v1.6.3 (compiled: 2009-12-07 15:40:14)
2010-04-15 20:54:53,940 - Default Properties File: org\apache\velocity\runtime\defaults\velocity.properties
2010-04-15 20:54:53,940 - Trying to use logger class org.apache.velocity.runtime.log.AvalonLogChute
2010-04-15 20:54:53,940 - Target log system for org.apache.velocity.runtime.log.AvalonLogChute is not available (java.lang.NoClassDefFoundError: org/apache/log/format/Formatter).  Falling back to next log system...
2010-04-15 20:54:53,940 - Trying to use logger class org.apache.velocity.runtime.log.Log4JLogChute
2010-04-15 20:54:53,940 - Using logger class org.apache.velocity.runtime.log.Log4JLogChute
2010-04-15 20:54:53,947 - ResourceLoader instantiated: org.apache.velocity.runtime.resource.loader.FileResourceLoader
2010-04-15 20:54:53,949 - Do unicode file recognition:  false
2010-04-15 20:54:53,949 - FileResourceLoader : adding path '.'
2010-04-15 20:54:53,966 - ResourceCache: initialized (class org.apache.velocity.runtime.resource.ResourceCacheImpl) with class java.util.Collections$SynchronizedMap cache map.
2010-04-15 20:54:53,968 - Loaded System Directive: org.apache.velocity.runtime.directive.Define
2010-04-15 20:54:53,969 - Loaded System Directive: org.apache.velocity.runtime.directive.Break
2010-04-15 20:54:53,971 - Loaded System Directive: org.apache.velocity.runtime.directive.Evaluate
2010-04-15 20:54:53,971 - Loaded System Directive: org.apache.velocity.runtime.directive.Literal
2010-04-15 20:54:53,973 - Loaded System Directive: org.apache.velocity.runtime.directive.Macro
2010-04-15 20:54:53,975 - Loaded System Directive: org.apache.velocity.runtime.directive.Parse
2010-04-15 20:54:53,977 - Loaded System Directive: org.apache.velocity.runtime.directive.Include
2010-04-15 20:54:53,979 - Loaded System Directive: org.apache.velocity.runtime.directive.Foreach
2010-04-15 20:54:54,024 - Created '20' parsers.
2010-04-15 20:54:54,034 - Velocimacro : "velocimacro.library" is not set.  Trying default library: VM_global_library.vm
2010-04-15 20:54:54,034 - Velocimacro : Default library not found.
2010-04-15 20:54:54,034 - Velocimacro : allowInline = true : VMs can be defined inline in templates
2010-04-15 20:54:54,034 - Velocimacro : allowInlineToOverride = false : VMs defined inline may NOT replace previous VM definitions
2010-04-15 20:54:54,035 - Velocimacro : allowInlineLocal = false : VMs defined inline will be global in scope if allowed.
2010-04-15 20:54:54,035 - Velocimacro : autoload off : VM system will not automatically reload global library macros
2010-04-15 20:55:08,807 - Log4JLogChute initialized using file 'velocity.log'
2010-04-15 20:55:08,808 - Starting Apache Velocity v1.6.3 (compiled: 2009-12-07 15:40:14)
2010-04-15 20:55:08,808 - Default Properties File: org\apache\velocity\runtime\defaults\velocity.properties
2010-04-15 20:55:08,808 - Trying to use logger class org.apache.velocity.runtime.log.AvalonLogChute
2010-04-15 20:55:08,808 - Target log system for org.apache.velocity.runtime.log.AvalonLogChute is not available (java.lang.NoClassDefFoundError: org/apache/log/format/Formatter).  Falling back to next log system...
2010-04-15 20:55:08,808 - Trying to use logger class org.apache.velocity.runtime.log.Log4JLogChute
2010-04-15 20:55:08,808 - Using logger class org.apache.velocity.runtime.log.Log4JLogChute
2010-04-15 20:55:08,815 - ResourceLoader instantiated: org.apache.velocity.runtime.resource.loader.FileResourceLoader
2010-04-15 20:55:08,817 - Do unicode file recognition:  false
2010-04-15 20:55:08,817 - FileResourceLoader : adding path '.'
2010-04-15 20:55:08,835 - ResourceCache: initialized (class org.apache.velocity.runtime.resource.ResourceCacheImpl) with class java.util.Collections$SynchronizedMap cache map.
2010-04-15 20:55:08,837 - Loaded System Directive: org.apache.velocity.runtime.directive.Define
2010-04-15 20:55:08,839 - Loaded System Directive: org.apache.velocity.runtime.directive.Break
2010-04-15 20:55:08,840 - Loaded System Directive: org.apache.velocity.runtime.directive.Evaluate
2010-04-15 20:55:08,841 - Loaded System Directive: org.apache.velocity.runtime.directive.Literal
2010-04-15 20:55:08,842 - Loaded System Directive: org.apache.velocity.runtime.directive.Macro
2010-04-15 20:55:08,846 - Loaded System Directive: org.apache.velocity.runtime.directive.Parse
2010-04-15 20:55:08,848 - Loaded System Directive: org.apache.velocity.runtime.directive.Include
2010-04-15 20:55:08,849 - Loaded System Directive: org.apache.velocity.runtime.directive.Foreach
2010-04-15 20:55:08,895 - Created '20' parsers.
2010-04-15 20:55:08,909 - Velocimacro : "velocimacro.library" is not set.  Trying default library: VM_global_library.vm
2010-04-15 20:55:08,909 - Velocimacro : Default library not found.
2010-04-15 20:55:08,909 - Velocimacro : allowInline = true : VMs can be defined inline in templates
2010-04-15 20:55:08,909 - Velocimacro : allowInlineToOverride = false : VMs defined inline may NOT replace previous VM definitions
2010-04-15 20:55:08,909 - Velocimacro : allowInlineLocal = false : VMs defined inline will be global in scope if allowed.
2010-04-15 20:55:08,909 - Velocimacro : autoload off : VM system will not automatically reload global library macros
2010-04-15 20:55:57,042 - Log4JLogChute initialized using file 'velocity.log'
2010-04-15 20:55:57,042 - Starting Apache Velocity v1.6.3 (compiled: 2009-12-07 15:40:14)
2010-04-15 20:55:57,042 - Default Properties File: org\apache\velocity\runtime\defaults\velocity.properties
2010-04-15 20:55:57,043 - Trying to use logger class org.apache.velocity.runtime.log.AvalonLogChute
2010-04-15 20:55:57,043 - Target log system for org.apache.velocity.runtime.log.AvalonLogChute is not available (java.lang.NoClassDefFoundError: org/apache/log/format/Formatter).  Falling back to next log system...
2010-04-15 20:55:57,043 - Trying to use logger class org.apache.velocity.runtime.log.Log4JLogChute
2010-04-15 20:55:57,043 - Using logger class org.apache.velocity.runtime.log.Log4JLogChute
2010-04-15 20:55:57,054 - ResourceLoader instantiated: org.apache.velocity.runtime.resource.loader.FileResourceLoader
2010-04-15 20:55:57,056 - Do unicode file recognition:  false
2010-04-15 20:55:57,056 - FileResourceLoader : adding path '.'
2010-04-15 20:55:57,076 - ResourceCache: initialized (class org.apache.velocity.runtime.resource.ResourceCacheImpl) with class java.util.Collections$SynchronizedMap cache map.
2010-04-15 20:55:57,078 - Loaded System Directive: org.apache.velocity.runtime.directive.Define
2010-04-15 20:55:57,079 - Loaded System Directive: org.apache.velocity.runtime.directive.Break
2010-04-15 20:55:57,080 - Loaded System Directive: org.apache.velocity.runtime.directive.Evaluate
2010-04-15 20:55:57,081 - Loaded System Directive: org.apache.velocity.runtime.directive.Literal
2010-04-15 20:55:57,083 - Loaded System Directive: org.apache.velocity.runtime.directive.Macro
2010-04-15 20:55:57,085 - Loaded System Directive: org.apache.velocity.runtime.directive.Parse
2010-04-15 20:55:57,087 - Loaded System Directive: org.apache.velocity.runtime.directive.Include
2010-04-15 20:55:57,088 - Loaded System Directive: org.apache.velocity.runtime.directive.Foreach
2010-04-15 20:55:57,132 - Created '20' parsers.
2010-04-15 20:55:57,143 - Velocimacro : "velocimacro.library" is not set.  Trying default library: VM_global_library.vm
2010-04-15 20:55:57,143 - Velocimacro : Default library not found.
2010-04-15 20:55:57,143 - Velocimacro : allowInline = true : VMs can be defined inline in templates
2010-04-15 20:55:57,143 - Velocimacro : allowInlineToOverride = false : VMs defined inline may NOT replace previous VM definitions
2010-04-15 20:55:57,143 - Velocimacro : allowInlineLocal = false : VMs defined inline will be global in scope if allowed.
2010-04-15 20:55:57,144 - Velocimacro : autoload off : VM system will not automatically reload global library macros
2010-04-15 20:58:35,005 - Log4JLogChute initialized using file 'velocity.log'
2010-04-15 20:58:35,005 - Starting Apache Velocity v1.6.3 (compiled: 2009-12-07 15:40:14)
2010-04-15 20:58:35,005 - Default Properties File: org\apache\velocity\runtime\defaults\velocity.properties
2010-04-15 20:58:35,005 - Trying to use logger class org.apache.velocity.runtime.log.AvalonLogChute
2010-04-15 20:58:35,005 - Target log system for org.apache.velocity.runtime.log.AvalonLogChute is not available (java.lang.NoClassDefFoundError: org/apache/log/format/Formatter).  Falling back to next log system...
2010-04-15 20:58:35,005 - Trying to use logger class org.apache.velocity.runtime.log.Log4JLogChute
2010-04-15 20:58:35,005 - Using logger class org.apache.velocity.runtime.log.Log4JLogChute
2010-04-15 20:58:35,012 - ResourceLoader instantiated: org.apache.velocity.runtime.resource.loader.FileResourceLoader
2010-04-15 20:58:35,014 - Do unicode file recognition:  false
2010-04-15 20:58:35,014 - FileResourceLoader : adding path '.'
2010-04-15 20:58:35,030 - ResourceCache: initialized (class org.apache.velocity.runtime.resource.ResourceCacheImpl) with class java.util.Collections$SynchronizedMap cache map.
2010-04-15 20:58:35,032 - Loaded System Directive: org.apache.velocity.runtime.directive.Define
2010-04-15 20:58:35,033 - Loaded System Directive: org.apache.velocity.runtime.directive.Break
2010-04-15 20:58:35,034 - Loaded System Directive: org.apache.velocity.runtime.directive.Evaluate
2010-04-15 20:58:35,035 - Loaded System Directive: org.apache.velocity.runtime.directive.Literal
2010-04-15 20:58:35,036 - Loaded System Directive: org.apache.velocity.runtime.directive.Macro
2010-04-15 20:58:35,038 - Loaded System Directive: org.apache.velocity.runtime.directive.Parse
2010-04-15 20:58:35,040 - Loaded System Directive: org.apache.velocity.runtime.directive.Include
2010-04-15 20:58:35,041 - Loaded System Directive: org.apache.velocity.runtime.directive.Foreach
2010-04-15 20:58:35,085 - Created '20' parsers.
2010-04-15 20:58:35,093 - Velocimacro : "velocimacro.library" is not set.  Trying default library: VM_global_library.vm
2010-04-15 20:58:35,093 - Velocimacro : Default library not found.
2010-04-15 20:58:35,093 - Velocimacro : allowInline = true : VMs can be defined inline in templates
2010-04-15 20:58:35,093 - Velocimacro : allowInlineToOverride = false : VMs defined inline may NOT replace previous VM definitions
2010-04-15 20:58:35,094 - Velocimacro : allowInlineLocal = false : VMs defined inline will be global in scope if allowed.
2010-04-15 20:58:35,094 - Velocimacro : autoload off : VM system will not automatically reload global library macros
2010-04-15 20:58:57,766 - Log4JLogChute initialized using file 'velocity.log'
2010-04-15 20:58:57,767 - Starting Apache Velocity v1.6.3 (compiled: 2009-12-07 15:40:14)
2010-04-15 20:58:57,767 - Default Properties File: org\apache\velocity\runtime\defaults\velocity.properties
2010-04-15 20:58:57,767 - Trying to use logger class org.apache.velocity.runtime.log.AvalonLogChute
2010-04-15 20:58:57,767 - Target log system for org.apache.velocity.runtime.log.AvalonLogChute is not available (java.lang.NoClassDefFoundError: org/apache/log/format/Formatter).  Falling back to next log system...
2010-04-15 20:58:57,767 - Trying to use logger class org.apache.velocity.runtime.log.Log4JLogChute
2010-04-15 20:58:57,767 - Using logger class org.apache.velocity.runtime.log.Log4JLogChute
2010-04-15 20:58:57,774 - ResourceLoader instantiated: org.apache.velocity.runtime.resource.loader.FileResourceLoader
2010-04-15 20:58:57,776 - Do unicode file recognition:  false
2010-04-15 20:58:57,776 - FileResourceLoader : adding path '.'
2010-04-15 20:58:57,792 - ResourceCache: initialized (class org.apache.velocity.runtime.resource.ResourceCacheImpl) with class java.util.Collections$SynchronizedMap cache map.
2010-04-15 20:58:57,794 - Loaded System Directive: org.apache.velocity.runtime.directive.Define
2010-04-15 20:58:57,796 - Loaded System Directive: org.apache.velocity.runtime.directive.Break
2010-04-15 20:58:57,797 - Loaded System Directive: org.apache.velocity.runtime.directive.Evaluate
2010-04-15 20:58:57,797 - Loaded System Directive: org.apache.velocity.runtime.directive.Literal
2010-04-15 20:58:57,799 - Loaded System Directive: org.apache.velocity.runtime.directive.Macro
2010-04-15 20:58:57,801 - Loaded System Directive: org.apache.velocity.runtime.directive.Parse
2010-04-15 20:58:57,803 - Loaded System Directive: org.apache.velocity.runtime.directive.Include
2010-04-15 20:58:57,804 - Loaded System Directive: org.apache.velocity.runtime.directive.Foreach
2010-04-15 20:58:57,845 - Created '20' parsers.
2010-04-15 20:58:57,853 - Velocimacro : "velocimacro.library" is not set.  Trying default library: VM_global_library.vm
2010-04-15 20:58:57,854 - Velocimacro : Default library not found.
2010-04-15 20:58:57,854 - Velocimacro : allowInline = true : VMs can be defined inline in templates
2010-04-15 20:58:57,854 - Velocimacro : allowInlineToOverride = false : VMs defined inline may NOT replace previous VM definitions
2010-04-15 20:58:57,854 - Velocimacro : allowInlineLocal = false : VMs defined inline will be global in scope if allowed.
2010-04-15 20:58:57,854 - Velocimacro : autoload off : VM system will not automatically reload global library macros
2010-04-15 21:00:31,772 - Log4JLogChute initialized using file 'velocity.log'
2010-04-15 21:00:31,773 - Starting Apache Velocity v1.6.3 (compiled: 2009-12-07 15:40:14)
2010-04-15 21:00:31,773 - Default Properties File: org\apache\velocity\runtime\defaults\velocity.properties
2010-04-15 21:00:31,773 - Trying to use logger class org.apache.velocity.runtime.log.AvalonLogChute
2010-04-15 21:00:31,773 - Target log system for org.apache.velocity.runtime.log.AvalonLogChute is not available (java.lang.NoClassDefFoundError: org/apache/log/format/Formatter).  Falling back to next log system...
2010-04-15 21:00:31,773 - Trying to use logger class org.apache.velocity.runtime.log.Log4JLogChute
2010-04-15 21:00:31,773 - Using logger class org.apache.velocity.runtime.log.Log4JLogChute
2010-04-15 21:00:31,780 - ResourceLoader instantiated: org.apache.velocity.runtime.resource.loader.FileResourceLoader
2010-04-15 21:00:31,781 - Do unicode file recognition:  false
2010-04-15 21:00:31,781 - FileResourceLoader : adding path '.'
2010-04-15 21:00:31,799 - ResourceCache: initialized (class org.apache.velocity.runtime.resource.ResourceCacheImpl) with class java.util.Collections$SynchronizedMap cache map.
2010-04-15 21:00:31,801 - Loaded System Directive: org.apache.velocity.runtime.directive.Define
2010-04-15 21:00:31,802 - Loaded System Directive: org.apache.velocity.runtime.directive.Break
2010-04-15 21:00:31,803 - Loaded System Directive: org.apache.velocity.runtime.directive.Evaluate
2010-04-15 21:00:31,804 - Loaded System Directive: org.apache.velocity.runtime.directive.Literal
2010-04-15 21:00:31,805 - Loaded System Directive: org.apache.velocity.runtime.directive.Macro
2010-04-15 21:00:31,807 - Loaded System Directive: org.apache.velocity.runtime.directive.Parse
2010-04-15 21:00:31,809 - Loaded System Directive: org.apache.velocity.runtime.directive.Include
2010-04-15 21:00:31,810 - Loaded System Directive: org.apache.velocity.runtime.directive.Foreach
2010-04-15 21:00:31,853 - Created '20' parsers.
2010-04-15 21:00:31,861 - Velocimacro : "velocimacro.library" is not set.  Trying default library: VM_global_library.vm
2010-04-15 21:00:31,861 - Velocimacro : Default library not found.
2010-04-15 21:00:31,861 - Velocimacro : allowInline = true : VMs can be defined inline in templates
2010-04-15 21:00:31,861 - Velocimacro : allowInlineToOverride = false : VMs defined inline may NOT replace previous VM definitions
2010-04-15 21:00:31,861 - Velocimacro : allowInlineLocal = false : VMs defined inline will be global in scope if allowed.
2010-04-15 21:00:31,861 - Velocimacro : autoload off : VM system will not automatically reload global library macros
2010-04-15 21:02:45,255 - Log4JLogChute initialized using file 'velocity.log'
2010-04-15 21:02:45,256 - Starting Apache Velocity v1.6.3 (compiled: 2009-12-07 15:40:14)
2010-04-15 21:02:45,256 - Default Properties File: org\apache\velocity\runtime\defaults\velocity.properties
2010-04-15 21:02:45,256 - Trying to use logger class org.apache.velocity.runtime.log.AvalonLogChute
2010-04-15 21:02:45,256 - Target log system for org.apache.velocity.runtime.log.AvalonLogChute is not available (java.lang.NoClassDefFoundError: org/apache/log/format/Formatter).  Falling back to next log system...
2010-04-15 21:02:45,256 - Trying to use logger class org.apache.velocity.runtime.log.Log4JLogChute
2010-04-15 21:02:45,256 - Using logger class org.apache.velocity.runtime.log.Log4JLogChute
2010-04-15 21:02:45,264 - ResourceLoader instantiated: org.apache.velocity.runtime.resource.loader.FileResourceLoader
2010-04-15 21:02:45,265 - Do unicode file recognition:  false
2010-04-15 21:02:45,265 - FileResourceLoader : adding path '.'
2010-04-15 21:02:45,284 - ResourceCache: initialized (class org.apache.velocity.runtime.resource.ResourceCacheImpl) with class java.util.Collections$SynchronizedMap cache map.
2010-04-15 21:02:45,285 - Loaded System Directive: org.apache.velocity.runtime.directive.Define
2010-04-15 21:02:45,287 - Loaded System Directive: org.apache.velocity.runtime.directive.Break
2010-04-15 21:02:45,288 - Loaded System Directive: org.apache.velocity.runtime.directive.Evaluate
2010-04-15 21:02:45,292 - Loaded System Directive: org.apache.velocity.runtime.directive.Literal
2010-04-15 21:02:45,294 - Loaded System Directive: org.apache.velocity.runtime.directive.Macro
2010-04-15 21:02:45,296 - Loaded System Directive: org.apache.velocity.runtime.directive.Parse
2010-04-15 21:02:45,298 - Loaded System Directive: org.apache.velocity.runtime.directive.Include
2010-04-15 21:02:45,299 - Loaded System Directive: org.apache.velocity.runtime.directive.Foreach
2010-04-15 21:02:45,341 - Created '20' parsers.
2010-04-15 21:02:45,351 - Velocimacro : "velocimacro.library" is not set.  Trying default library: VM_global_library.vm
2010-04-15 21:02:45,351 - Velocimacro : Default library not found.
2010-04-15 21:02:45,351 - Velocimacro : allowInline = true : VMs can be defined inline in templates
2010-04-15 21:02:45,351 - Velocimacro : allowInlineToOverride = false : VMs defined inline may NOT replace previous VM definitions
2010-04-15 21:02:45,351 - Velocimacro : allowInlineLocal = false : VMs defined inline will be global in scope if allowed.
2010-04-15 21:02:45,351 - Velocimacro : autoload off : VM system will not automatically reload global library macros
2010-04-15 21:03:02,107 - Log4JLogChute initialized using file 'velocity.log'
2010-04-15 21:03:02,108 - Starting Apache Velocity v1.6.3 (compiled: 2009-12-07 15:40:14)
2010-04-15 21:03:02,108 - Default Properties File: org\apache\velocity\runtime\defaults\velocity.properties
2010-04-15 21:03:02,108 - Trying to use logger class org.apache.velocity.runtime.log.AvalonLogChute
2010-04-15 21:03:02,108 - Target log system for org.apache.velocity.runtime.log.AvalonLogChute is not available (java.lang.NoClassDefFoundError: org/apache/log/format/Formatter).  Falling back to next log system...
2010-04-15 21:03:02,108 - Trying to use logger class org.apache.velocity.runtime.log.Log4JLogChute
2010-04-15 21:03:02,108 - Using logger class org.apache.velocity.runtime.log.Log4JLogChute
2010-04-15 21:03:02,116 - ResourceLoader instantiated: org.apache.velocity.runtime.resource.loader.FileResourceLoader
2010-04-15 21:03:02,117 - Do unicode file recognition:  false
2010-04-15 21:03:02,117 - FileResourceLoader : adding path '.'
2010-04-15 21:03:02,134 - ResourceCache: initialized (class org.apache.velocity.runtime.resource.ResourceCacheImpl) with class java.util.Collections$SynchronizedMap cache map.
2010-04-15 21:03:02,136 - Loaded System Directive: org.apache.velocity.runtime.directive.Define
2010-04-15 21:03:02,137 - Loaded System Directive: org.apache.velocity.runtime.directive.Break
2010-04-15 21:03:02,138 - Loaded System Directive: org.apache.velocity.runtime.directive.Evaluate
2010-04-15 21:03:02,138 - Loaded System Directive: org.apache.velocity.runtime.directive.Literal
2010-04-15 21:03:02,140 - Loaded System Directive: org.apache.velocity.runtime.directive.Macro
2010-04-15 21:03:02,143 - Loaded System Directive: org.apache.velocity.runtime.directive.Parse
2010-04-15 21:03:02,145 - Loaded System Directive: org.apache.velocity.runtime.directive.Include
2010-04-15 21:03:02,147 - Loaded System Directive: org.apache.velocity.runtime.directive.Foreach
2010-04-15 21:03:02,187 - Created '20' parsers.
2010-04-15 21:03:02,196 - Velocimacro : "velocimacro.library" is not set.  Trying default library: VM_global_library.vm
2010-04-15 21:03:02,196 - Velocimacro : Default library not found.
2010-04-15 21:03:02,196 - Velocimacro : allowInline = true : VMs can be defined inline in templates
2010-04-15 21:03:02,196 - Velocimacro : allowInlineToOverride = false : VMs defined inline may NOT replace previous VM definitions
2010-04-15 21:03:02,196 - Velocimacro : allowInlineLocal = false : VMs defined inline will be global in scope if allowed.
2010-04-15 21:03:02,196 - Velocimacro : autoload off : VM system will not automatically reload global library macros
2010-04-15 21:05:54,429 - Log4JLogChute initialized using file 'velocity.log'
2010-04-15 21:05:54,429 - Starting Apache Velocity v1.6.3 (compiled: 2009-12-07 15:40:14)
2010-04-15 21:05:54,429 - Default Properties File: org\apache\velocity\runtime\defaults\velocity.properties
2010-04-15 21:05:54,430 - Trying to use logger class org.apache.velocity.runtime.log.AvalonLogChute
2010-04-15 21:05:54,430 - Target log system for org.apache.velocity.runtime.log.AvalonLogChute is not available (java.lang.NoClassDefFoundError: org/apache/log/format/Formatter).  Falling back to next log system...
2010-04-15 21:05:54,430 - Trying to use logger class org.apache.velocity.runtime.log.Log4JLogChute
2010-04-15 21:05:54,430 - Using logger class org.apache.velocity.runtime.log.Log4JLogChute
2010-04-15 21:05:54,437 - ResourceLoader instantiated: org.apache.velocity.runtime.resource.loader.FileResourceLoader
2010-04-15 21:05:54,439 - Do unicode file recognition:  false
2010-04-15 21:05:54,439 - FileResourceLoader : adding path '.'
2010-04-15 21:05:54,457 - ResourceCache: initialized (class org.apache.velocity.runtime.resource.ResourceCacheImpl) with class java.util.Collections$SynchronizedMap cache map.
2010-04-15 21:05:54,460 - Loaded System Directive: org.apache.velocity.runtime.directive.Define
2010-04-15 21:05:54,461 - Loaded System Directive: org.apache.velocity.runtime.directive.Break
2010-04-15 21:05:54,462 - Loaded System Directive: org.apache.velocity.runtime.directive.Evaluate
2010-04-15 21:05:54,463 - Loaded System Directive: org.apache.velocity.runtime.directive.Literal
2010-04-15 21:05:54,465 - Loaded System Directive: org.apache.velocity.runtime.directive.Macro
2010-04-15 21:05:54,467 - Loaded System Directive: org.apache.velocity.runtime.directive.Parse
2010-04-15 21:05:54,468 - Loaded System Directive: org.apache.velocity.runtime.directive.Include
2010-04-15 21:05:54,470 - Loaded System Directive: org.apache.velocity.runtime.directive.Foreach
2010-04-15 21:05:54,529 - Created '20' parsers.
2010-04-15 21:05:54,548 - Velocimacro : "velocimacro.library" is not set.  Trying default library: VM_global_library.vm
2010-04-15 21:05:54,548 - Velocimacro : Default library not found.
2010-04-15 21:05:54,548 - Velocimacro : allowInline = true : VMs can be defined inline in templates
2010-04-15 21:05:54,548 - Velocimacro : allowInlineToOverride = false : VMs defined inline may NOT replace previous VM definitions
2010-04-15 21:05:54,548 - Velocimacro : allowInlineLocal = false : VMs defined inline will be global in scope if allowed.
2010-04-15 21:05:54,548 - Velocimacro : autoload off : VM system will not automatically reload global library macros
2010-04-15 21:06:51,403 - Log4JLogChute initialized using file 'velocity.log'
2010-04-15 21:06:51,403 - Starting Apache Velocity v1.6.3 (compiled: 2009-12-07 15:40:14)
2010-04-15 21:06:51,403 - Default Properties File: org\apache\velocity\runtime\defaults\velocity.properties
2010-04-15 21:06:51,403 - Trying to use logger class org.apache.velocity.runtime.log.AvalonLogChute
2010-04-15 21:06:51,403 - Target log system for org.apache.velocity.runtime.log.AvalonLogChute is not available (java.lang.NoClassDefFoundError: org/apache/log/format/Formatter).  Falling back to next log system...
2010-04-15 21:06:51,403 - Trying to use logger class org.apache.velocity.runtime.log.Log4JLogChute
2010-04-15 21:06:51,403 - Using logger class org.apache.velocity.runtime.log.Log4JLogChute
2010-04-15 21:06:51,411 - ResourceLoader instantiated: org.apache.velocity.runtime.resource.loader.FileResourceLoader
2010-04-15 21:06:51,412 - Do unicode file recognition:  false
2010-04-15 21:06:51,412 - FileResourceLoader : adding path '.'
2010-04-15 21:06:51,429 - ResourceCache: initialized (class org.apache.velocity.runtime.resource.ResourceCacheImpl) with class java.util.Collections$SynchronizedMap cache map.
2010-04-15 21:06:51,431 - Loaded System Directive: org.apache.velocity.runtime.directive.Define
2010-04-15 21:06:51,432 - Loaded System Directive: org.apache.velocity.runtime.directive.Break
2010-04-15 21:06:51,433 - Loaded System Directive: org.apache.velocity.runtime.directive.Evaluate
2010-04-15 21:06:51,433 - Loaded System Directive: org.apache.velocity.runtime.directive.Literal
2010-04-15 21:06:51,436 - Loaded System Directive: org.apache.velocity.runtime.directive.Macro
2010-04-15 21:06:51,438 - Loaded System Directive: org.apache.velocity.runtime.directive.Parse
2010-04-15 21:06:51,439 - Loaded System Directive: org.apache.velocity.runtime.directive.Include
2010-04-15 21:06:51,441 - Loaded System Directive: org.apache.velocity.runtime.directive.Foreach
2010-04-15 21:06:51,481 - Created '20' parsers.
2010-04-15 21:06:51,489 - Velocimacro : "velocimacro.library" is not set.  Trying default library: VM_global_library.vm
2010-04-15 21:06:51,489 - Velocimacro : Default library not found.
2010-04-15 21:06:51,489 - Velocimacro : allowInline = true : VMs can be defined inline in templates
2010-04-15 21:06:51,489 - Velocimacro : allowInlineToOverride = false : VMs defined inline may NOT replace previous VM definitions
2010-04-15 21:06:51,489 - Velocimacro : allowInlineLocal = false : VMs defined inline will be global in scope if allowed.
2010-04-15 21:06:51,489 - Velocimacro : autoload off : VM system will not automatically reload global library macros
2010-04-15 21:07:59,519 - Log4JLogChute initialized using file 'velocity.log'
2010-04-15 21:07:59,519 - Starting Apache Velocity v1.6.3 (compiled: 2009-12-07 15:40:14)
2010-04-15 21:07:59,519 - Default Properties File: org\apache\velocity\runtime\defaults\velocity.properties
2010-04-15 21:07:59,519 - Trying to use logger class org.apache.velocity.runtime.log.AvalonLogChute
2010-04-15 21:07:59,520 - Target log system for org.apache.velocity.runtime.log.AvalonLogChute is not available (java.lang.NoClassDefFoundError: org/apache/log/format/Formatter).  Falling back to next log system...
2010-04-15 21:07:59,520 - Trying to use logger class org.apache.velocity.runtime.log.Log4JLogChute
2010-04-15 21:07:59,520 - Using logger class org.apache.velocity.runtime.log.Log4JLogChute
2010-04-15 21:07:59,526 - ResourceLoader instantiated: org.apache.velocity.runtime.resource.loader.FileResourceLoader
2010-04-15 21:07:59,528 - Do unicode file recognition:  false
2010-04-15 21:07:59,528 - FileResourceLoader : adding path '.'
2010-04-15 21:07:59,544 - ResourceCache: initialized (class org.apache.velocity.runtime.resource.ResourceCacheImpl) with class java.util.Collections$SynchronizedMap cache map.
2010-04-15 21:07:59,546 - Loaded System Directive: org.apache.velocity.runtime.directive.Define
2010-04-15 21:07:59,547 - Loaded System Directive: org.apache.velocity.runtime.directive.Break
2010-04-15 21:07:59,548 - Loaded System Directive: org.apache.velocity.runtime.directive.Evaluate
2010-04-15 21:07:59,549 - Loaded System Directive: org.apache.velocity.runtime.directive.Literal
2010-04-15 21:07:59,550 - Loaded System Directive: org.apache.velocity.runtime.directive.Macro
2010-04-15 21:07:59,552 - Loaded System Directive: org.apache.velocity.runtime.directive.Parse
2010-04-15 21:07:59,554 - Loaded System Directive: org.apache.velocity.runtime.directive.Include
2010-04-15 21:07:59,555 - Loaded System Directive: org.apache.velocity.runtime.directive.Foreach
2010-04-15 21:07:59,595 - Created '20' parsers.
2010-04-15 21:07:59,603 - Velocimacro : "velocimacro.library" is not set.  Trying default library: VM_global_library.vm
2010-04-15 21:07:59,603 - Velocimacro : Default library not found.
2010-04-15 21:07:59,603 - Velocimacro : allowInline = true : VMs can be defined inline in templates
2010-04-15 21:07:59,603 - Velocimacro : allowInlineToOverride = false : VMs defined inline may NOT replace previous VM definitions
2010-04-15 21:07:59,603 - Velocimacro : allowInlineLocal = false : VMs defined inline will be global in scope if allowed.
2010-04-15 21:07:59,604 - Velocimacro : autoload off : VM system will not automatically reload global library macros
2010-04-15 21:50:45,768 - Log4JLogChute initialized using file 'velocity.log'
2010-04-15 21:50:45,768 - Starting Apache Velocity v1.6.3 (compiled: 2009-12-07 15:40:14)
2010-04-15 21:50:45,768 - Default Properties File: org\apache\velocity\runtime\defaults\velocity.properties
2010-04-15 21:50:45,768 - Trying to use logger class org.apache.velocity.runtime.log.AvalonLogChute
2010-04-15 21:50:45,768 - Target log system for org.apache.velocity.runtime.log.AvalonLogChute is not available (java.lang.NoClassDefFoundError: org/apache/log/format/Formatter).  Falling back to next log system...
2010-04-15 21:50:45,768 - Trying to use logger class org.apache.velocity.runtime.log.Log4JLogChute
2010-04-15 21:50:45,768 - Using logger class org.apache.velocity.runtime.log.Log4JLogChute
2010-04-15 21:50:45,777 - ResourceLoader instantiated: org.apache.velocity.runtime.resource.loader.FileResourceLoader
2010-04-15 21:50:45,778 - Do unicode file recognition:  false
2010-04-15 21:50:45,778 - FileResourceLoader : adding path '.'
2010-04-15 21:50:45,806 - ResourceCache: initialized (class org.apache.velocity.runtime.resource.ResourceCacheImpl) with class java.util.Collections$SynchronizedMap cache map.
2010-04-15 21:50:45,808 - Loaded System Directive: org.apache.velocity.runtime.directive.Define
2010-04-15 21:50:45,809 - Loaded System Directive: org.apache.velocity.runtime.directive.Break
2010-04-15 21:50:45,810 - Loaded System Directive: org.apache.velocity.runtime.directive.Evaluate
2010-04-15 21:50:45,810 - Loaded System Directive: org.apache.velocity.runtime.directive.Literal
2010-04-15 21:50:45,812 - Loaded System Directive: org.apache.velocity.runtime.directive.Macro
2010-04-15 21:50:45,814 - Loaded System Directive: org.apache.velocity.runtime.directive.Parse
2010-04-15 21:50:45,815 - Loaded System Directive: org.apache.velocity.runtime.directive.Include
2010-04-15 21:50:45,818 - Loaded System Directive: org.apache.velocity.runtime.directive.Foreach
2010-04-15 21:50:45,859 - Created '20' parsers.
2010-04-15 21:50:45,870 - Velocimacro : "velocimacro.library" is not set.  Trying default library: VM_global_library.vm
2010-04-15 21:50:45,870 - Velocimacro : Default library not found.
2010-04-15 21:50:45,870 - Velocimacro : allowInline = true : VMs can be defined inline in templates
2010-04-15 21:50:45,870 - Velocimacro : allowInlineToOverride = false : VMs defined inline may NOT replace previous VM definitions
2010-04-15 21:50:45,870 - Velocimacro : allowInlineLocal = false : VMs defined inline will be global in scope if allowed.
2010-04-15 21:50:45,870 - Velocimacro : autoload off : VM system will not automatically reload global library macros
2010-04-15 21:51:34,672 - Log4JLogChute initialized using file 'velocity.log'
2010-04-15 21:51:34,673 - Starting Apache Velocity v1.6.3 (compiled: 2009-12-07 15:40:14)
2010-04-15 21:51:34,673 - Default Properties File: org\apache\velocity\runtime\defaults\velocity.properties
2010-04-15 21:51:34,673 - Trying to use logger class org.apache.velocity.runtime.log.AvalonLogChute
2010-04-15 21:51:34,673 - Target log system for org.apache.velocity.runtime.log.AvalonLogChute is not available (java.lang.NoClassDefFoundError: org/apache/log/format/Formatter).  Falling back to next log system...
2010-04-15 21:51:34,673 - Trying to use logger class org.apache.velocity.runtime.log.Log4JLogChute
2010-04-15 21:51:34,673 - Using logger class org.apache.velocity.runtime.log.Log4JLogChute
2010-04-15 21:51:34,680 - ResourceLoader instantiated: org.apache.velocity.runtime.resource.loader.FileResourceLoader
2010-04-15 21:51:34,681 - Do unicode file recognition:  false
2010-04-15 21:51:34,681 - FileResourceLoader : adding path '.'
2010-04-15 21:51:34,692 - ResourceCache: initialized (class org.apache.velocity.runtime.resource.ResourceCacheImpl) with class java.util.Collections$SynchronizedMap cache map.
2010-04-15 21:51:34,693 - Loaded System Directive: org.apache.velocity.runtime.directive.Define
2010-04-15 21:51:34,694 - Loaded System Directive: org.apache.velocity.runtime.directive.Break
2010-04-15 21:51:34,695 - Loaded System Directive: org.apache.velocity.runtime.directive.Evaluate
2010-04-15 21:51:34,696 - Loaded System Directive: org.apache.velocity.runtime.directive.Literal
2010-04-15 21:51:34,697 - Loaded System Directive: org.apache.velocity.runtime.directive.Macro
2010-04-15 21:51:34,699 - Loaded System Directive: org.apache.velocity.runtime.directive.Parse
2010-04-15 21:51:34,701 - Loaded System Directive: org.apache.velocity.runtime.directive.Include
2010-04-15 21:51:34,702 - Loaded System Directive: org.apache.velocity.runtime.directive.Foreach
2010-04-15 21:51:34,760 - Created '20' parsers.
2010-04-15 21:51:34,768 - Velocimacro : "velocimacro.library" is not set.  Trying default library: VM_global_library.vm
2010-04-15 21:51:34,768 - Velocimacro : Default library not found.
2010-04-15 21:51:34,768 - Velocimacro : allowInline = true : VMs can be defined inline in templates
2010-04-15 21:51:34,768 - Velocimacro : allowInlineToOverride = false : VMs defined inline may NOT replace previous VM definitions
2010-04-15 21:51:34,768 - Velocimacro : allowInlineLocal = false : VMs defined inline will be global in scope if allowed.
2010-04-15 21:51:34,768 - Velocimacro : autoload off : VM system will not automatically reload global library macros
2010-04-15 21:53:08,187 - Log4JLogChute initialized using file 'velocity.log'
2010-04-15 21:53:08,187 - Starting Apache Velocity v1.6.3 (compiled: 2009-12-07 15:40:14)
2010-04-15 21:53:08,187 - Default Properties File: org\apache\velocity\runtime\defaults\velocity.properties
2010-04-15 21:53:08,187 - Trying to use logger class org.apache.velocity.runtime.log.AvalonLogChute
2010-04-15 21:53:08,187 - Target log system for org.apache.velocity.runtime.log.AvalonLogChute is not available (java.lang.NoClassDefFoundError: org/apache/log/format/Formatter).  Falling back to next log system...
2010-04-15 21:53:08,187 - Trying to use logger class org.apache.velocity.runtime.log.Log4JLogChute
2010-04-15 21:53:08,187 - Using logger class org.apache.velocity.runtime.log.Log4JLogChute
2010-04-15 21:53:08,194 - ResourceLoader instantiated: org.apache.velocity.runtime.resource.loader.FileResourceLoader
2010-04-15 21:53:08,195 - Do unicode file recognition:  false
2010-04-15 21:53:08,195 - FileResourceLoader : adding path '.'
2010-04-15 21:53:08,205 - ResourceCache: initialized (class org.apache.velocity.runtime.resource.ResourceCacheImpl) with class java.util.Collections$SynchronizedMap cache map.
2010-04-15 21:53:08,206 - Loaded System Directive: org.apache.velocity.runtime.directive.Define
2010-04-15 21:53:08,207 - Loaded System Directive: org.apache.velocity.runtime.directive.Break
2010-04-15 21:53:08,209 - Loaded System Directive: org.apache.velocity.runtime.directive.Evaluate
2010-04-15 21:53:08,209 - Loaded System Directive: org.apache.velocity.runtime.directive.Literal
2010-04-15 21:53:08,211 - Loaded System Directive: org.apache.velocity.runtime.directive.Macro
2010-04-15 21:53:08,213 - Loaded System Directive: org.apache.velocity.runtime.directive.Parse
2010-04-15 21:53:08,214 - Loaded System Directive: org.apache.velocity.runtime.directive.Include
2010-04-15 21:53:08,215 - Loaded System Directive: org.apache.velocity.runtime.directive.Foreach
2010-04-15 21:53:08,256 - Created '20' parsers.
2010-04-15 21:53:08,264 - Velocimacro : "velocimacro.library" is not set.  Trying default library: VM_global_library.vm
2010-04-15 21:53:08,264 - Velocimacro : Default library not found.
2010-04-15 21:53:08,264 - Velocimacro : allowInline = true : VMs can be defined inline in templates
2010-04-15 21:53:08,264 - Velocimacro : allowInlineToOverride = false : VMs defined inline may NOT replace previous VM definitions
2010-04-15 21:53:08,264 - Velocimacro : allowInlineLocal = false : VMs defined inline will be global in scope if allowed.
2010-04-15 21:53:08,264 - Velocimacro : autoload off : VM system will not automatically reload global library macros
2010-04-15 21:53:55,740 - Log4JLogChute initialized using file 'velocity.log'
2010-04-15 21:53:55,740 - Starting Apache Velocity v1.6.3 (compiled: 2009-12-07 15:40:14)
2010-04-15 21:53:55,740 - Default Properties File: org\apache\velocity\runtime\defaults\velocity.properties
2010-04-15 21:53:55,740 - Trying to use logger class org.apache.velocity.runtime.log.AvalonLogChute
2010-04-15 21:53:55,740 - Target log system for org.apache.velocity.runtime.log.AvalonLogChute is not available (java.lang.NoClassDefFoundError: org/apache/log/format/Formatter).  Falling back to next log system...
2010-04-15 21:53:55,740 - Trying to use logger class org.apache.velocity.runtime.log.Log4JLogChute
2010-04-15 21:53:55,740 - Using logger class org.apache.velocity.runtime.log.Log4JLogChute
2010-04-15 21:53:55,747 - ResourceLoader instantiated: org.apache.velocity.runtime.resource.loader.FileResourceLoader
2010-04-15 21:53:55,748 - Do unicode file recognition:  false
2010-04-15 21:53:55,748 - FileResourceLoader : adding path '.'
2010-04-15 21:53:55,758 - ResourceCache: initialized (class org.apache.velocity.runtime.resource.ResourceCacheImpl) with class java.util.Collections$SynchronizedMap cache map.
2010-04-15 21:53:55,759 - Loaded System Directive: org.apache.velocity.runtime.directive.Define
2010-04-15 21:53:55,760 - Loaded System Directive: org.apache.velocity.runtime.directive.Break
2010-04-15 21:53:55,761 - Loaded System Directive: org.apache.velocity.runtime.directive.Evaluate
2010-04-15 21:53:55,762 - Loaded System Directive: org.apache.velocity.runtime.directive.Literal
2010-04-15 21:53:55,763 - Loaded System Directive: org.apache.velocity.runtime.directive.Macro
2010-04-15 21:53:55,765 - Loaded System Directive: org.apache.velocity.runtime.directive.Parse
2010-04-15 21:53:55,767 - Loaded System Directive: org.apache.velocity.runtime.directive.Include
2010-04-15 21:53:55,768 - Loaded System Directive: org.apache.velocity.runtime.directive.Foreach
2010-04-15 21:53:55,808 - Created '20' parsers.
2010-04-15 21:53:55,817 - Velocimacro : "velocimacro.library" is not set.  Trying default library: VM_global_library.vm
2010-04-15 21:53:55,817 - Velocimacro : Default library not found.
2010-04-15 21:53:55,817 - Velocimacro : allowInline = true : VMs can be defined inline in templates
2010-04-15 21:53:55,817 - Velocimacro : allowInlineToOverride = false : VMs defined inline may NOT replace previous VM definitions
2010-04-15 21:53:55,817 - Velocimacro : allowInlineLocal = false : VMs defined inline will be global in scope if allowed.
2010-04-15 21:53:55,817 - Velocimacro : autoload off : VM system will not automatically reload global library macros
2010-04-15 21:55:02,447 - Log4JLogChute initialized using file 'velocity.log'
2010-04-15 21:55:02,448 - Starting Apache Velocity v1.6.3 (compiled: 2009-12-07 15:40:14)
2010-04-15 21:55:02,448 - Default Properties File: org\apache\velocity\runtime\defaults\velocity.properties
2010-04-15 21:55:02,448 - Trying to use logger class org.apache.velocity.runtime.log.AvalonLogChute
2010-04-15 21:55:02,448 - Target log system for org.apache.velocity.runtime.log.AvalonLogChute is not available (java.lang.NoClassDefFoundError: org/apache/log/format/Formatter).  Falling back to next log system...
2010-04-15 21:55:02,448 - Trying to use logger class org.apache.velocity.runtime.log.Log4JLogChute
2010-04-15 21:55:02,448 - Using logger class org.apache.velocity.runtime.log.Log4JLogChute
2010-04-15 21:55:02,457 - ResourceLoader instantiated: org.apache.velocity.runtime.resource.loader.FileResourceLoader
2010-04-15 21:55:02,459 - Do unicode file recognition:  false
2010-04-15 21:55:02,459 - FileResourceLoader : adding path '.'
2010-04-15 21:55:02,473 - ResourceCache: initialized (class org.apache.velocity.runtime.resource.ResourceCacheImpl) with class java.util.Collections$SynchronizedMap cache map.
2010-04-15 21:55:02,475 - Loaded System Directive: org.apache.velocity.runtime.directive.Define
2010-04-15 21:55:02,477 - Loaded System Directive: org.apache.velocity.runtime.directive.Break
2010-04-15 21:55:02,478 - Loaded System Directive: org.apache.velocity.runtime.directive.Evaluate
2010-04-15 21:55:02,479 - Loaded System Directive: org.apache.velocity.runtime.directive.Literal
2010-04-15 21:55:02,481 - Loaded System Directive: org.apache.velocity.runtime.directive.Macro
2010-04-15 21:55:02,484 - Loaded System Directive: org.apache.velocity.runtime.directive.Parse
2010-04-15 21:55:02,486 - Loaded System Directive: org.apache.velocity.runtime.directive.Include
2010-04-15 21:55:02,488 - Loaded System Directive: org.apache.velocity.runtime.directive.Foreach
2010-04-15 21:55:02,535 - Created '20' parsers.
2010-04-15 21:55:02,550 - Velocimacro : "velocimacro.library" is not set.  Trying default library: VM_global_library.vm
2010-04-15 21:55:02,550 - Velocimacro : Default library not found.
2010-04-15 21:55:02,550 - Velocimacro : allowInline = true : VMs can be defined inline in templates
2010-04-15 21:55:02,550 - Velocimacro : allowInlineToOverride = false : VMs defined inline may NOT replace previous VM definitions
2010-04-15 21:55:02,550 - Velocimacro : allowInlineLocal = false : VMs defined inline will be global in scope if allowed.
2010-04-15 21:55:02,551 - Velocimacro : autoload off : VM system will not automatically reload global library macros
2010-04-15 21:55:20,632 - Log4JLogChute initialized using file 'velocity.log'
2010-04-15 21:55:20,633 - Starting Apache Velocity v1.6.3 (compiled: 2009-12-07 15:40:14)
2010-04-15 21:55:20,633 - Default Properties File: org\apache\velocity\runtime\defaults\velocity.properties
2010-04-15 21:55:20,633 - Trying to use logger class org.apache.velocity.runtime.log.AvalonLogChute
2010-04-15 21:55:20,633 - Target log system for org.apache.velocity.runtime.log.AvalonLogChute is not available (java.lang.NoClassDefFoundError: org/apache/log/format/Formatter).  Falling back to next log system...
2010-04-15 21:55:20,633 - Trying to use logger class org.apache.velocity.runtime.log.Log4JLogChute
2010-04-15 21:55:20,633 - Using logger class org.apache.velocity.runtime.log.Log4JLogChute
2010-04-15 21:55:20,642 - ResourceLoader instantiated: org.apache.velocity.runtime.resource.loader.FileResourceLoader
2010-04-15 21:55:20,644 - Do unicode file recognition:  false
2010-04-15 21:55:20,644 - FileResourceLoader : adding path '.'
2010-04-15 21:55:20,658 - ResourceCache: initialized (class org.apache.velocity.runtime.resource.ResourceCacheImpl) with class java.util.Collections$SynchronizedMap cache map.
2010-04-15 21:55:20,660 - Loaded System Directive: org.apache.velocity.runtime.directive.Define
2010-04-15 21:55:20,661 - Loaded System Directive: org.apache.velocity.runtime.directive.Break
2010-04-15 21:55:20,663 - Loaded System Directive: org.apache.velocity.runtime.directive.Evaluate
2010-04-15 21:55:20,663 - Loaded System Directive: org.apache.velocity.runtime.directive.Literal
2010-04-15 21:55:20,665 - Loaded System Directive: org.apache.velocity.runtime.directive.Macro
2010-04-15 21:55:20,668 - Loaded System Directive: org.apache.velocity.runtime.directive.Parse
2010-04-15 21:55:20,670 - Loaded System Directive: org.apache.velocity.runtime.directive.Include
2010-04-15 21:55:20,672 - Loaded System Directive: org.apache.velocity.runtime.directive.Foreach
2010-04-15 21:55:20,718 - Created '20' parsers.
2010-04-15 21:55:20,735 - Velocimacro : "velocimacro.library" is not set.  Trying default library: VM_global_library.vm
2010-04-15 21:55:20,736 - Velocimacro : Default library not found.
2010-04-15 21:55:20,736 - Velocimacro : allowInline = true : VMs can be defined inline in templates
2010-04-15 21:55:20,736 - Velocimacro : allowInlineToOverride = false : VMs defined inline may NOT replace previous VM definitions
2010-04-15 21:55:20,736 - Velocimacro : allowInlineLocal = false : VMs defined inline will be global in scope if allowed.
2010-04-15 21:55:20,736 - Velocimacro : autoload off : VM system will not automatically reload global library macros
2010-04-15 22:06:56,173 - Log4JLogChute initialized using file 'velocity.log'
2010-04-15 22:06:56,173 - Starting Apache Velocity v1.6.3 (compiled: 2009-12-07 15:40:14)
2010-04-15 22:06:56,173 - Default Properties File: org\apache\velocity\runtime\defaults\velocity.properties
2010-04-15 22:06:56,173 - Trying to use logger class org.apache.velocity.runtime.log.AvalonLogChute
2010-04-15 22:06:56,173 - Target log system for org.apache.velocity.runtime.log.AvalonLogChute is not available (java.lang.NoClassDefFoundError: org/apache/log/format/Formatter).  Falling back to next log system...
2010-04-15 22:06:56,174 - Trying to use logger class org.apache.velocity.runtime.log.Log4JLogChute
2010-04-15 22:06:56,174 - Using logger class org.apache.velocity.runtime.log.Log4JLogChute
2010-04-15 22:06:56,180 - ResourceLoader instantiated: org.apache.velocity.runtime.resource.loader.FileResourceLoader
2010-04-15 22:06:56,181 - Do unicode file recognition:  false
2010-04-15 22:06:56,181 - FileResourceLoader : adding path '.'
2010-04-15 22:06:56,191 - ResourceCache: initialized (class org.apache.velocity.runtime.resource.ResourceCacheImpl) with class java.util.Collections$SynchronizedMap cache map.
2010-04-15 22:06:56,192 - Loaded System Directive: org.apache.velocity.runtime.directive.Define
2010-04-15 22:06:56,194 - Loaded System Directive: org.apache.velocity.runtime.directive.Break
2010-04-15 22:06:56,195 - Loaded System Directive: org.apache.velocity.runtime.directive.Evaluate
2010-04-15 22:06:56,195 - Loaded System Directive: org.apache.velocity.runtime.directive.Literal
2010-04-15 22:06:56,197 - Loaded System Directive: org.apache.velocity.runtime.directive.Macro
2010-04-15 22:06:56,199 - Loaded System Directive: org.apache.velocity.runtime.directive.Parse
2010-04-15 22:06:56,200 - Loaded System Directive: org.apache.velocity.runtime.directive.Include
2010-04-15 22:06:56,201 - Loaded System Directive: org.apache.velocity.runtime.directive.Foreach
2010-04-15 22:06:56,242 - Created '20' parsers.
2010-04-15 22:06:56,250 - Velocimacro : "velocimacro.library" is not set.  Trying default library: VM_global_library.vm
2010-04-15 22:06:56,250 - Velocimacro : Default library not found.
2010-04-15 22:06:56,250 - Velocimacro : allowInline = true : VMs can be defined inline in templates
2010-04-15 22:06:56,250 - Velocimacro : allowInlineToOverride = false : VMs defined inline may NOT replace previous VM definitions
2010-04-15 22:06:56,250 - Velocimacro : allowInlineLocal = false : VMs defined inline will be global in scope if allowed.
2010-04-15 22:06:56,250 - Velocimacro : autoload off : VM system will not automatically reload global library macros
2010-04-15 22:07:16,025 - Log4JLogChute initialized using file 'velocity.log'
2010-04-15 22:07:16,026 - Starting Apache Velocity v1.6.3 (compiled: 2009-12-07 15:40:14)
2010-04-15 22:07:16,026 - Default Properties File: org\apache\velocity\runtime\defaults\velocity.properties
2010-04-15 22:07:16,026 - Trying to use logger class org.apache.velocity.runtime.log.AvalonLogChute
2010-04-15 22:07:16,026 - Target log system for org.apache.velocity.runtime.log.AvalonLogChute is not available (java.lang.NoClassDefFoundError: org/apache/log/format/Formatter).  Falling back to next log system...
2010-04-15 22:07:16,026 - Trying to use logger class org.apache.velocity.runtime.log.Log4JLogChute
2010-04-15 22:07:16,026 - Using logger class org.apache.velocity.runtime.log.Log4JLogChute
2010-04-15 22:07:16,034 - ResourceLoader instantiated: org.apache.velocity.runtime.resource.loader.FileResourceLoader
2010-04-15 22:07:16,036 - Do unicode file recognition:  false
2010-04-15 22:07:16,036 - FileResourceLoader : adding path '.'
2010-04-15 22:07:16,049 - ResourceCache: initialized (class org.apache.velocity.runtime.resource.ResourceCacheImpl) with class java.util.Collections$SynchronizedMap cache map.
2010-04-15 22:07:16,051 - Loaded System Directive: org.apache.velocity.runtime.directive.Define
2010-04-15 22:07:16,053 - Loaded System Directive: org.apache.velocity.runtime.directive.Break
2010-04-15 22:07:16,054 - Loaded System Directive: org.apache.velocity.runtime.directive.Evaluate
2010-04-15 22:07:16,056 - Loaded System Directive: org.apache.velocity.runtime.directive.Literal
2010-04-15 22:07:16,057 - Loaded System Directive: org.apache.velocity.runtime.directive.Macro
2010-04-15 22:07:16,060 - Loaded System Directive: org.apache.velocity.runtime.directive.Parse
2010-04-15 22:07:16,062 - Loaded System Directive: org.apache.velocity.runtime.directive.Include
2010-04-15 22:07:16,064 - Loaded System Directive: org.apache.velocity.runtime.directive.Foreach
2010-04-15 22:07:16,111 - Created '20' parsers.
2010-04-15 22:07:16,127 - Velocimacro : "velocimacro.library" is not set.  Trying default library: VM_global_library.vm
2010-04-15 22:07:16,127 - Velocimacro : Default library not found.
2010-04-15 22:07:16,127 - Velocimacro : allowInline = true : VMs can be defined inline in templates
2010-04-15 22:07:16,127 - Velocimacro : allowInlineToOverride = false : VMs defined inline may NOT replace previous VM definitions
2010-04-15 22:07:16,127 - Velocimacro : allowInlineLocal = false : VMs defined inline will be global in scope if allowed.
2010-04-15 22:07:16,127 - Velocimacro : autoload off : VM system will not automatically reload global library macros
2010-04-15 22:15:11,590 - Log4JLogChute initialized using file 'velocity.log'
2010-04-15 22:15:11,590 - Starting Apache Velocity v1.6.3 (compiled: 2009-12-07 15:40:14)
2010-04-15 22:15:11,590 - Default Properties File: org\apache\velocity\runtime\defaults\velocity.properties
2010-04-15 22:15:11,590 - Trying to use logger class org.apache.velocity.runtime.log.AvalonLogChute
2010-04-15 22:15:11,590 - Target log system for org.apache.velocity.runtime.log.AvalonLogChute is not available (java.lang.NoClassDefFoundError: org/apache/log/format/Formatter).  Falling back to next log system...
2010-04-15 22:15:11,590 - Trying to use logger class org.apache.velocity.runtime.log.Log4JLogChute
2010-04-15 22:15:11,590 - Using logger class org.apache.velocity.runtime.log.Log4JLogChute
2010-04-15 22:15:11,601 - ResourceLoader instantiated: org.apache.velocity.runtime.resource.loader.FileResourceLoader
2010-04-15 22:15:11,603 - Do unicode file recognition:  false
2010-04-15 22:15:11,603 - FileResourceLoader : adding path '.'
2010-04-15 22:15:11,618 - ResourceCache: initialized (class org.apache.velocity.runtime.resource.ResourceCacheImpl) with class java.util.Collections$SynchronizedMap cache map.
2010-04-15 22:15:11,620 - Loaded System Directive: org.apache.velocity.runtime.directive.Define
2010-04-15 22:15:11,622 - Loaded System Directive: org.apache.velocity.runtime.directive.Break
2010-04-15 22:15:11,623 - Loaded System Directive: org.apache.velocity.runtime.directive.Evaluate
2010-04-15 22:15:11,624 - Loaded System Directive: org.apache.velocity.runtime.directive.Literal
2010-04-15 22:15:11,626 - Loaded System Directive: org.apache.velocity.runtime.directive.Macro
2010-04-15 22:15:11,628 - Loaded System Directive: org.apache.velocity.runtime.directive.Parse
2010-04-15 22:15:11,631 - Loaded System Directive: org.apache.velocity.runtime.directive.Include
2010-04-15 22:15:11,632 - Loaded System Directive: org.apache.velocity.runtime.directive.Foreach
2010-04-15 22:15:11,679 - Created '20' parsers.
2010-04-15 22:15:11,694 - Velocimacro : "velocimacro.library" is not set.  Trying default library: VM_global_library.vm
2010-04-15 22:15:11,695 - Velocimacro : Default library not found.
2010-04-15 22:15:11,695 - Velocimacro : allowInline = true : VMs can be defined inline in templates
2010-04-15 22:15:11,695 - Velocimacro : allowInlineToOverride = false : VMs defined inline may NOT replace previous VM definitions
2010-04-15 22:15:11,695 - Velocimacro : allowInlineLocal = false : VMs defined inline will be global in scope if allowed.
2010-04-15 22:15:11,695 - Velocimacro : autoload off : VM system will not automatically reload global library macros
2010-04-15 22:16:43,611 - Log4JLogChute initialized using file 'velocity.log'
2010-04-15 22:16:43,611 - Starting Apache Velocity v1.6.3 (compiled: 2009-12-07 15:40:14)
2010-04-15 22:16:43,611 - Default Properties File: org\apache\velocity\runtime\defaults\velocity.properties
2010-04-15 22:16:43,611 - Trying to use logger class org.apache.velocity.runtime.log.AvalonLogChute
2010-04-15 22:16:43,612 - Target log system for org.apache.velocity.runtime.log.AvalonLogChute is not available (java.lang.NoClassDefFoundError: org/apache/log/format/Formatter).  Falling back to next log system...
2010-04-15 22:16:43,612 - Trying to use logger class org.apache.velocity.runtime.log.Log4JLogChute
2010-04-15 22:16:43,612 - Using logger class org.apache.velocity.runtime.log.Log4JLogChute
2010-04-15 22:16:43,621 - ResourceLoader instantiated: org.apache.velocity.runtime.resource.loader.FileResourceLoader
2010-04-15 22:16:43,623 - Do unicode file recognition:  false
2010-04-15 22:16:43,623 - FileResourceLoader : adding path '.'
2010-04-15 22:16:43,636 - ResourceCache: initialized (class org.apache.velocity.runtime.resource.ResourceCacheImpl) with class java.util.Collections$SynchronizedMap cache map.
2010-04-15 22:16:43,638 - Loaded System Directive: org.apache.velocity.runtime.directive.Define
2010-04-15 22:16:43,640 - Loaded System Directive: org.apache.velocity.runtime.directive.Break
2010-04-15 22:16:43,641 - Loaded System Directive: org.apache.velocity.runtime.directive.Evaluate
2010-04-15 22:16:43,642 - Loaded System Directive: org.apache.velocity.runtime.directive.Literal
2010-04-15 22:16:43,645 - Loaded System Directive: org.apache.velocity.runtime.directive.Macro
2010-04-15 22:16:43,647 - Loaded System Directive: org.apache.velocity.runtime.directive.Parse
2010-04-15 22:16:43,649 - Loaded System Directive: org.apache.velocity.runtime.directive.Include
2010-04-15 22:16:43,651 - Loaded System Directive: org.apache.velocity.runtime.directive.Foreach
2010-04-15 22:16:43,697 - Created '20' parsers.
2010-04-15 22:16:43,712 - Velocimacro : "velocimacro.library" is not set.  Trying default library: VM_global_library.vm
2010-04-15 22:16:43,713 - Velocimacro : Default library not found.
2010-04-15 22:16:43,713 - Velocimacro : allowInline = true : VMs can be defined inline in templates
2010-04-15 22:16:43,713 - Velocimacro : allowInlineToOverride = false : VMs defined inline may NOT replace previous VM definitions
2010-04-15 22:16:43,713 - Velocimacro : allowInlineLocal = false : VMs defined inline will be global in scope if allowed.
2010-04-15 22:16:43,713 - Velocimacro : autoload off : VM system will not automatically reload global library macros
